<?xml version="1.0" encoding="UTF-8"?>
<!-- Generated by org.testng.reporters.JUnitXMLReporter -->
<testsuite hostname="AIPL-PUN-LT07" ignored="0" name="Default test" tests="1" failures="1" timestamp="07 Jan 2020 08:07:58 GMT" time="1.205" errors="0">
  <testcase name="testOauh" time="1.177" classname="oauth2.test1">
    <failure type="javax.net.ssl.SSLException" message="Certificate for &amp;lt;www.googleapis.com&amp;gt; doesn&amp;apos;t match any of the subject alternative names: [google.com, *.2mdn.net, *.android.com, *.appengine.google.com, *.au.doubleclick.net, *.cc-dt.com, *.cloud.google.com, *.crowdsource.google.com, *.de.doubleclick.net, *.doubleclick.com, *.doubleclick.net, *.fls.doubleclick.net, *.fr.doubleclick.net, *.g.co, *.gcp.gvt2.com, *.gcpcdn.gvt1.com, *.ggpht.cn, *.gkecnapps.cn, *.google-analytics.com, *.google.ac, *.google.ad, *.google.ae, *.google.af, *.google.ag, *.google.ai, *.google.al, *.google.am, *.google.as, *.google.at, *.google.az, *.google.ba, *.google.be, *.google.bf, *.google.bg, *.google.bi, *.google.bj, *.google.bs, *.google.bt, *.google.by, *.google.ca, *.google.cat, *.google.cc, *.google.cd, *.google.cf, *.google.cg, *.google.ch, *.google.ci, *.google.cl, *.google.cm, *.google.cn, *.google.co.ao, *.google.co.bw, *.google.co.ck, *.google.co.cr, *.google.co.hu, *.google.co.id, *.google.co.il, *.google.co.im, *.google.co.in, *.google.co.je, *.google.co.jp, *.google.co.ke, *.google.co.kr, *.google.co.ls, *.google.co.ma, *.google.co.mz, *.google.co.nz, *.google.co.th, *.google.co.tz, *.google.co.ug, *.google.co.uk, *.google.co.uz, *.google.co.ve, *.google.co.vi, *.google.co.za, *.google.co.zm, *.google.co.zw, *.google.com, *.google.com.af, *.google.com.ag, *.google.com.ai, *.google.com.ar, *.google.com.au, *.google.com.bd, *.google.com.bh, *.google.com.bn, *.google.com.bo, *.google.com.br, *.google.com.by, *.google.com.bz, *.google.com.cn, *.google.com.co, *.google.com.cu, *.google.com.cy, *.google.com.do, *.google.com.ec, *.google.com.eg, *.google.com.et, *.google.com.fj, *.google.com.ge, *.google.com.gh, *.google.com.gi, *.google.com.gr, *.google.com.gt, *.google.com.hk, *.google.com.iq, *.google.com.jm, *.google.com.jo, *.google.com.kh, *.google.com.kw, *.google.com.lb, *.google.com.ly, *.google.com.mm, *.google.com.mt, *.google.com.mx, *.google.com.my, *.google.com.na, *.google.com.nf, *.google.com.ng, *.google.com.ni, *.google.com.np, *.google.com.nr, *.google.com.om, *.google.com.pa, *.google.com.pe, *.google.com.pg, *.google.com.ph, *.google.com.pk, *.google.com.pl, *.google.com.pr, *.google.com.py, *.google.com.qa, *.google.com.ru, *.google.com.sa, *.google.com.sb, *.google.com.sg, *.google.com.sl, *.google.com.sv, *.google.com.tj, *.google.com.tn, *.google.com.tr, *.google.com.tw, *.google.com.ua, *.google.com.uy, *.google.com.vc, *.google.com.ve, *.google.com.vn, *.google.cv, *.google.cz, *.google.de, *.google.dj, *.google.dk, *.google.dm, *.google.dz, *.google.ee, *.google.es, *.google.eus, *.google.fi, *.google.fm, *.google.fr, *.google.frl, *.google.ga, *.google.gal, *.google.ge, *.google.gg, *.google.gl, *.google.gm, *.google.gp, *.google.gr, *.google.gy, *.google.hk, *.google.hn, *.google.hr, *.google.ht, *.google.hu, *.google.ie, *.google.im, *.google.in, *.google.info, *.google.iq, *.google.ir, *.google.is, *.google.it, *.google.it.ao, *.google.je, *.google.jo, *.google.jobs, *.google.jp, *.google.kg, *.google.ki, *.google.kz, *.google.la, *.google.li, *.google.lk, *.google.lt, *.google.lu, *.google.lv, *.google.md, *.google.me, *.google.mg, *.google.mk, *.google.ml, *.google.mn, *.google.ms, *.google.mu, *.google.mv, *.google.mw, *.google.ne, *.google.ne.jp, *.google.net, *.google.ng, *.google.nl, *.google.no, *.google.nr, *.google.nu, *.google.off.ai, *.google.pk, *.google.pl, *.google.pn, *.google.ps, *.google.pt, *.google.ro, *.google.rs, *.google.ru, *.google.rw, *.google.sc, *.google.se, *.google.sh, *.google.si, *.google.sk, *.google.sm, *.google.sn, *.google.so, *.google.sr, *.google.st, *.google.td, *.google.tel, *.google.tg, *.google.tk, *.google.tl, *.google.tm, *.google.tn, *.google.to, *.google.tt, *.google.ua, *.google.us, *.google.uz, *.google.vg, *.google.vu, *.google.ws, *.googleadapis.com, *.googleadsserving.cn, *.googleapis.cn, *.googlecnapps.cn, *.googlecommerce.com, *.googleusercontent.cn, *.googlevideo.com, *.gstatic.cn, *.gstatic.com, *.gstaticcnapps.cn, *.gvt1.com, *.gvt2.com, *.jp.doubleclick.net, *.metric.gstatic.com, *.uk.doubleclick.net, *.urchin.com, *.url.google.com, *.wear.gkecnapps.cn, *.youtube-nocookie.com, *.youtube.com, *.youtubeeducation.com, *.youtubekids.com, *.yt.be, *.ytimg.com, ad.mo.doubleclick.net, android.clients.google.com, android.com, developer.android.google.cn, developers.android.google.cn, doubleclick.com, doubleclick.net, g.co, ggpht.cn, gkecnapps.cn, goo.gl, google-analytics.com, google.ac, google.ad, google.ae, google.af, google.ag, google.ai, google.al, google.am, google.as, google.at, google.az, google.ba, google.be, google.bf, google.bg, google.bi, google.bj, google.bs, google.bt, google.by, google.ca, google.cat, google.cc, google.cd, google.cf, google.cg, google.ch, google.ci, google.cl, google.cm, google.cn, google.co.ao, google.co.bw, google.co.ck, google.co.cr, google.co.hu, google.co.id, google.co.il, google.co.im, google.co.in, google.co.je, google.co.jp, google.co.ke, google.co.kr, google.co.ls, google.co.ma, google.co.mz, google.co.nz, google.co.th, google.co.tz, google.co.ug, google.co.uk, google.co.uz, google.co.ve, google.co.vi, google.co.za, google.co.zm, google.co.zw, google.com.af, google.com.ag, google.com.ai, google.com.ar, google.com.au, google.com.bd, google.com.bh, google.com.bn, google.com.bo, google.com.br, google.com.by, google.com.bz, google.com.cn, google.com.co, google.com.cu, google.com.cy, google.com.do, google.com.ec, google.com.eg, google.com.et, google.com.fj, google.com.ge, google.com.gh, google.com.gi, google.com.gr, google.com.gt, google.com.hk, google.com.iq, google.com.jm, google.com.jo, google.com.kh, google.com.kw, google.com.lb, google.com.ly, google.com.mm, google.com.mt, google.com.mx, google.com.my, google.com.na, google.com.nf, google.com.ng, google.com.ni, google.com.np, google.com.nr, google.com.om, google.com.pa, google.com.pe, google.com.pg, google.com.ph, google.com.pk, google.com.pl, google.com.pr, google.com.py, google.com.qa, google.com.ru, google.com.sa, google.com.sb, google.com.sg, google.com.sl, google.com.sv, google.com.tj, google.com.tn, google.com.tr, google.com.tw, google.com.ua, google.com.uy, google.com.vc, google.com.ve, google.com.vn, google.cv, google.cz, google.de, google.dj, google.dk, google.dm, google.dz, google.ee, google.es, google.eus, google.fi, google.fm, google.fr, google.frl, google.ga, google.gal, google.ge, google.gg, google.gl, google.gm, google.gp, google.gr, google.gy, google.hk, google.hn, google.hr, google.ht, google.hu, google.ie, google.im, google.in, google.info, google.iq, google.ir, google.is, google.it, google.it.ao, google.je, google.jo, google.jobs, google.jp, google.kg, google.ki, google.kz, google.la, google.li, google.lk, google.lt, google.lu, google.lv, google.md, google.me, google.mg, google.mk, google.ml, google.mn, google.ms, google.mu, google.mv, google.mw, google.ne, google.ne.jp, google.net, google.ng, google.nl, google.no, google.nr, google.nu, google.off.ai, google.pk, google.pl, google.pn, google.ps, google.pt, google.ro, google.rs, google.ru, google.rw, google.sc, google.se, google.sh, google.si, google.sk, google.sm, google.sn, google.so, google.sr, google.st, google.td, google.tel, google.tg, google.tk, google.tl, google.tm, google.tn, google.to, google.tt, google.ua, google.us, google.uz, google.vg, google.vu, google.ws, googlecnapps.cn, googlecommerce.com, gstatic.com, source.android.google.cn, urchin.com, www.goo.gl, youtu.be, youtube.com, youtubeeducation.com, youtubekids.com, yt.be]">
      <![CDATA[javax.net.ssl.SSLException: Certificate for <www.googleapis.com> doesn't match any of the subject alternative names: [google.com, *.2mdn.net, *.android.com, *.appengine.google.com, *.au.doubleclick.net, *.cc-dt.com, *.cloud.google.com, *.crowdsource.google.com, *.de.doubleclick.net, *.doubleclick.com, *.doubleclick.net, *.fls.doubleclick.net, *.fr.doubleclick.net, *.g.co, *.gcp.gvt2.com, *.gcpcdn.gvt1.com, *.ggpht.cn, *.gkecnapps.cn, *.google-analytics.com, *.google.ac, *.google.ad, *.google.ae, *.google.af, *.google.ag, *.google.ai, *.google.al, *.google.am, *.google.as, *.google.at, *.google.az, *.google.ba, *.google.be, *.google.bf, *.google.bg, *.google.bi, *.google.bj, *.google.bs, *.google.bt, *.google.by, *.google.ca, *.google.cat, *.google.cc, *.google.cd, *.google.cf, *.google.cg, *.google.ch, *.google.ci, *.google.cl, *.google.cm, *.google.cn, *.google.co.ao, *.google.co.bw, *.google.co.ck, *.google.co.cr, *.google.co.hu, *.google.co.id, *.google.co.il, *.google.co.im, *.google.co.in, *.google.co.je, *.google.co.jp, *.google.co.ke, *.google.co.kr, *.google.co.ls, *.google.co.ma, *.google.co.mz, *.google.co.nz, *.google.co.th, *.google.co.tz, *.google.co.ug, *.google.co.uk, *.google.co.uz, *.google.co.ve, *.google.co.vi, *.google.co.za, *.google.co.zm, *.google.co.zw, *.google.com, *.google.com.af, *.google.com.ag, *.google.com.ai, *.google.com.ar, *.google.com.au, *.google.com.bd, *.google.com.bh, *.google.com.bn, *.google.com.bo, *.google.com.br, *.google.com.by, *.google.com.bz, *.google.com.cn, *.google.com.co, *.google.com.cu, *.google.com.cy, *.google.com.do, *.google.com.ec, *.google.com.eg, *.google.com.et, *.google.com.fj, *.google.com.ge, *.google.com.gh, *.google.com.gi, *.google.com.gr, *.google.com.gt, *.google.com.hk, *.google.com.iq, *.google.com.jm, *.google.com.jo, *.google.com.kh, *.google.com.kw, *.google.com.lb, *.google.com.ly, *.google.com.mm, *.google.com.mt, *.google.com.mx, *.google.com.my, *.google.com.na, *.google.com.nf, *.google.com.ng, *.google.com.ni, *.google.com.np, *.google.com.nr, *.google.com.om, *.google.com.pa, *.google.com.pe, *.google.com.pg, *.google.com.ph, *.google.com.pk, *.google.com.pl, *.google.com.pr, *.google.com.py, *.google.com.qa, *.google.com.ru, *.google.com.sa, *.google.com.sb, *.google.com.sg, *.google.com.sl, *.google.com.sv, *.google.com.tj, *.google.com.tn, *.google.com.tr, *.google.com.tw, *.google.com.ua, *.google.com.uy, *.google.com.vc, *.google.com.ve, *.google.com.vn, *.google.cv, *.google.cz, *.google.de, *.google.dj, *.google.dk, *.google.dm, *.google.dz, *.google.ee, *.google.es, *.google.eus, *.google.fi, *.google.fm, *.google.fr, *.google.frl, *.google.ga, *.google.gal, *.google.ge, *.google.gg, *.google.gl, *.google.gm, *.google.gp, *.google.gr, *.google.gy, *.google.hk, *.google.hn, *.google.hr, *.google.ht, *.google.hu, *.google.ie, *.google.im, *.google.in, *.google.info, *.google.iq, *.google.ir, *.google.is, *.google.it, *.google.it.ao, *.google.je, *.google.jo, *.google.jobs, *.google.jp, *.google.kg, *.google.ki, *.google.kz, *.google.la, *.google.li, *.google.lk, *.google.lt, *.google.lu, *.google.lv, *.google.md, *.google.me, *.google.mg, *.google.mk, *.google.ml, *.google.mn, *.google.ms, *.google.mu, *.google.mv, *.google.mw, *.google.ne, *.google.ne.jp, *.google.net, *.google.ng, *.google.nl, *.google.no, *.google.nr, *.google.nu, *.google.off.ai, *.google.pk, *.google.pl, *.google.pn, *.google.ps, *.google.pt, *.google.ro, *.google.rs, *.google.ru, *.google.rw, *.google.sc, *.google.se, *.google.sh, *.google.si, *.google.sk, *.google.sm, *.google.sn, *.google.so, *.google.sr, *.google.st, *.google.td, *.google.tel, *.google.tg, *.google.tk, *.google.tl, *.google.tm, *.google.tn, *.google.to, *.google.tt, *.google.ua, *.google.us, *.google.uz, *.google.vg, *.google.vu, *.google.ws, *.googleadapis.com, *.googleadsserving.cn, *.googleapis.cn, *.googlecnapps.cn, *.googlecommerce.com, *.googleusercontent.cn, *.googlevideo.com, *.gstatic.cn, *.gstatic.com, *.gstaticcnapps.cn, *.gvt1.com, *.gvt2.com, *.jp.doubleclick.net, *.metric.gstatic.com, *.uk.doubleclick.net, *.urchin.com, *.url.google.com, *.wear.gkecnapps.cn, *.youtube-nocookie.com, *.youtube.com, *.youtubeeducation.com, *.youtubekids.com, *.yt.be, *.ytimg.com, ad.mo.doubleclick.net, android.clients.google.com, android.com, developer.android.google.cn, developers.android.google.cn, doubleclick.com, doubleclick.net, g.co, ggpht.cn, gkecnapps.cn, goo.gl, google-analytics.com, google.ac, google.ad, google.ae, google.af, google.ag, google.ai, google.al, google.am, google.as, google.at, google.az, google.ba, google.be, google.bf, google.bg, google.bi, google.bj, google.bs, google.bt, google.by, google.ca, google.cat, google.cc, google.cd, google.cf, google.cg, google.ch, google.ci, google.cl, google.cm, google.cn, google.co.ao, google.co.bw, google.co.ck, google.co.cr, google.co.hu, google.co.id, google.co.il, google.co.im, google.co.in, google.co.je, google.co.jp, google.co.ke, google.co.kr, google.co.ls, google.co.ma, google.co.mz, google.co.nz, google.co.th, google.co.tz, google.co.ug, google.co.uk, google.co.uz, google.co.ve, google.co.vi, google.co.za, google.co.zm, google.co.zw, google.com.af, google.com.ag, google.com.ai, google.com.ar, google.com.au, google.com.bd, google.com.bh, google.com.bn, google.com.bo, google.com.br, google.com.by, google.com.bz, google.com.cn, google.com.co, google.com.cu, google.com.cy, google.com.do, google.com.ec, google.com.eg, google.com.et, google.com.fj, google.com.ge, google.com.gh, google.com.gi, google.com.gr, google.com.gt, google.com.hk, google.com.iq, google.com.jm, google.com.jo, google.com.kh, google.com.kw, google.com.lb, google.com.ly, google.com.mm, google.com.mt, google.com.mx, google.com.my, google.com.na, google.com.nf, google.com.ng, google.com.ni, google.com.np, google.com.nr, google.com.om, google.com.pa, google.com.pe, google.com.pg, google.com.ph, google.com.pk, google.com.pl, google.com.pr, google.com.py, google.com.qa, google.com.ru, google.com.sa, google.com.sb, google.com.sg, google.com.sl, google.com.sv, google.com.tj, google.com.tn, google.com.tr, google.com.tw, google.com.ua, google.com.uy, google.com.vc, google.com.ve, google.com.vn, google.cv, google.cz, google.de, google.dj, google.dk, google.dm, google.dz, google.ee, google.es, google.eus, google.fi, google.fm, google.fr, google.frl, google.ga, google.gal, google.ge, google.gg, google.gl, google.gm, google.gp, google.gr, google.gy, google.hk, google.hn, google.hr, google.ht, google.hu, google.ie, google.im, google.in, google.info, google.iq, google.ir, google.is, google.it, google.it.ao, google.je, google.jo, google.jobs, google.jp, google.kg, google.ki, google.kz, google.la, google.li, google.lk, google.lt, google.lu, google.lv, google.md, google.me, google.mg, google.mk, google.ml, google.mn, google.ms, google.mu, google.mv, google.mw, google.ne, google.ne.jp, google.net, google.ng, google.nl, google.no, google.nr, google.nu, google.off.ai, google.pk, google.pl, google.pn, google.ps, google.pt, google.ro, google.rs, google.ru, google.rw, google.sc, google.se, google.sh, google.si, google.sk, google.sm, google.sn, google.so, google.sr, google.st, google.td, google.tel, google.tg, google.tk, google.tl, google.tm, google.tn, google.to, google.tt, google.ua, google.us, google.uz, google.vg, google.vu, google.ws, googlecnapps.cn, googlecommerce.com, gstatic.com, source.android.google.cn, urchin.com, www.goo.gl, youtu.be, youtube.com, youtubeeducation.com, youtubekids.com, yt.be]
at org.apache.http.conn.ssl.AbstractVerifier.verify(AbstractVerifier.java:165)
at org.apache.http.conn.ssl.BrowserCompatHostnameVerifier.verify(BrowserCompatHostnameVerifier.java:61)
at org.apache.http.conn.ssl.AbstractVerifier.verify(AbstractVerifier.java:141)
at org.apache.http.conn.ssl.AbstractVerifier.verify(AbstractVerifier.java:114)
at org.apache.http.conn.ssl.SSLSocketFactory.verifyHostname(SSLSocketFactory.java:580)
at org.apache.http.conn.ssl.SSLSocketFactory.connectSocket(SSLSocketFactory.java:554)
at org.apache.http.conn.ssl.SSLSocketFactory.connectSocket(SSLSocketFactory.java:412)
at org.apache.http.impl.conn.DefaultClientConnectionOperator.openConnection(DefaultClientConnectionOperator.java:179)
at org.apache.http.impl.conn.ManagedClientConnectionImpl.open(ManagedClientConnectionImpl.java:328)
at org.apache.http.impl.client.DefaultRequestDirector.tryConnect(DefaultRequestDirector.java:612)
at org.apache.http.impl.client.DefaultRequestDirector.execute(DefaultRequestDirector.java:447)
at org.apache.http.impl.client.AbstractHttpClient.doExecute(AbstractHttpClient.java:884)
at org.apache.http.impl.client.CloseableHttpClient.execute(CloseableHttpClient.java:82)
at org.apache.http.impl.client.CloseableHttpClient.execute(CloseableHttpClient.java:55)
at org.apache.http.client.HttpClient$execute$0.call(Unknown Source)
at org.codehaus.groovy.runtime.callsite.CallSiteArray.defaultCall(CallSiteArray.java:48)
at org.codehaus.groovy.runtime.callsite.AbstractCallSite.call(AbstractCallSite.java:113)
at org.codehaus.groovy.runtime.callsite.AbstractCallSite.call(AbstractCallSite.java:133)
at io.restassured.internal.RequestSpecificationImpl$RestAssuredHttpBuilder.doRequest(RequestSpecificationImpl.groovy:2028)
at io.restassured.internal.http.HTTPBuilder.post(HTTPBuilder.java:349)
at io.restassured.internal.http.HTTPBuilder$post$2.call(Unknown Source)
at org.codehaus.groovy.runtime.callsite.CallSiteArray.defaultCall(CallSiteArray.java:48)
at org.codehaus.groovy.runtime.callsite.AbstractCallSite.call(AbstractCallSite.java:113)
at org.codehaus.groovy.runtime.callsite.AbstractCallSite.call(AbstractCallSite.java:133)
at io.restassured.internal.RequestSpecificationImpl.sendRequest(RequestSpecificationImpl.groovy:1202)
at sun.reflect.NativeMethodAccessorImpl.invoke0(Native Method)
at sun.reflect.NativeMethodAccessorImpl.invoke(Unknown Source)
at sun.reflect.DelegatingMethodAccessorImpl.invoke(Unknown Source)
at java.lang.reflect.Method.invoke(Unknown Source)
at org.codehaus.groovy.reflection.CachedMethod.invoke(CachedMethod.java:93)
at groovy.lang.MetaMethod.doMethodInvoke(MetaMethod.java:325)
at groovy.lang.MetaClassImpl.invokeMethod(MetaClassImpl.java:1212)
at groovy.lang.MetaClassImpl.invokeMethod(MetaClassImpl.java:1021)
at groovy.lang.MetaClassImpl.invokeMethod(MetaClassImpl.java:812)
at io.restassured.internal.RequestSpecificationImpl.invokeMethod(RequestSpecificationImpl.groovy)
at org.codehaus.groovy.runtime.callsite.PogoInterceptableSite.call(PogoInterceptableSite.java:48)
at org.codehaus.groovy.runtime.callsite.CallSiteArray.defaultCall(CallSiteArray.java:48)
at org.codehaus.groovy.runtime.callsite.AbstractCallSite.call(AbstractCallSite.java:113)
at org.codehaus.groovy.runtime.callsite.AbstractCallSite.call(AbstractCallSite.java:149)
at io.restassured.internal.filter.SendRequestFilter.filter(SendRequestFilter.groovy:30)
at io.restassured.filter.Filter$filter$0.call(Unknown Source)
at org.codehaus.groovy.runtime.callsite.CallSiteArray.defaultCall(CallSiteArray.java:48)
at io.restassured.filter.Filter$filter.call(Unknown Source)
at io.restassured.internal.filter.FilterContextImpl.next(FilterContextImpl.groovy:72)
at io.restassured.filter.time.TimingFilter.filter(TimingFilter.java:56)
at io.restassured.filter.Filter$filter.call(Unknown Source)
at org.codehaus.groovy.runtime.callsite.CallSiteArray.defaultCall(CallSiteArray.java:48)
at io.restassured.filter.Filter$filter.call(Unknown Source)
at io.restassured.internal.filter.FilterContextImpl.next(FilterContextImpl.groovy:72)
at io.restassured.filter.log.RequestLoggingFilter.filter(RequestLoggingFilter.java:124)
at io.restassured.filter.Filter$filter.call(Unknown Source)
at org.codehaus.groovy.runtime.callsite.CallSiteArray.defaultCall(CallSiteArray.java:48)
at org.codehaus.groovy.runtime.callsite.AbstractCallSite.call(AbstractCallSite.java:113)
at org.codehaus.groovy.runtime.callsite.AbstractCallSite.call(AbstractCallSite.java:141)
at io.restassured.internal.filter.FilterContextImpl.next(FilterContextImpl.groovy:72)
at io.restassured.filter.FilterContext$next.call(Unknown Source)
at org.codehaus.groovy.runtime.callsite.CallSiteArray.defaultCall(CallSiteArray.java:48)
at org.codehaus.groovy.runtime.callsite.AbstractCallSite.call(AbstractCallSite.java:113)
at org.codehaus.groovy.runtime.callsite.AbstractCallSite.call(AbstractCallSite.java:133)
at io.restassured.internal.RequestSpecificationImpl.applyPathParamsAndSendRequest(RequestSpecificationImpl.groovy:1631)
at sun.reflect.NativeMethodAccessorImpl.invoke0(Native Method)
at sun.reflect.NativeMethodAccessorImpl.invoke(Unknown Source)
at sun.reflect.DelegatingMethodAccessorImpl.invoke(Unknown Source)
at java.lang.reflect.Method.invoke(Unknown Source)
at org.codehaus.groovy.reflection.CachedMethod.invoke(CachedMethod.java:93)
at groovy.lang.MetaMethod.doMethodInvoke(MetaMethod.java:325)
at groovy.lang.MetaClassImpl.invokeMethod(MetaClassImpl.java:1212)
at groovy.lang.MetaClassImpl.invokeMethod(MetaClassImpl.java:1021)
at groovy.lang.MetaClassImpl.invokeMethod(MetaClassImpl.java:812)
at io.restassured.internal.RequestSpecificationImpl.invokeMethod(RequestSpecificationImpl.groovy)
at org.codehaus.groovy.runtime.callsite.PogoInterceptableSite.call(PogoInterceptableSite.java:48)
at org.codehaus.groovy.runtime.callsite.PogoInterceptableSite.callCurrent(PogoInterceptableSite.java:58)
at org.codehaus.groovy.runtime.callsite.CallSiteArray.defaultCallCurrent(CallSiteArray.java:52)
at org.codehaus.groovy.runtime.callsite.AbstractCallSite.callCurrent(AbstractCallSite.java:154)
at org.codehaus.groovy.runtime.callsite.AbstractCallSite.callCurrent(AbstractCallSite.java:182)
at io.restassured.internal.RequestSpecificationImpl.applyPathParamsAndSendRequest(RequestSpecificationImpl.groovy:1637)
at sun.reflect.NativeMethodAccessorImpl.invoke0(Native Method)
at sun.reflect.NativeMethodAccessorImpl.invoke(Unknown Source)
at sun.reflect.DelegatingMethodAccessorImpl.invoke(Unknown Source)
at java.lang.reflect.Method.invoke(Unknown Source)
at org.codehaus.groovy.reflection.CachedMethod.invoke(CachedMethod.java:93)
at groovy.lang.MetaMethod.doMethodInvoke(MetaMethod.java:325)
at groovy.lang.MetaClassImpl.invokeMethod(MetaClassImpl.java:1212)
at groovy.lang.MetaClassImpl.invokeMethod(MetaClassImpl.java:1021)
at groovy.lang.MetaClassImpl.invokeMethod(MetaClassImpl.java:812)
at io.restassured.internal.RequestSpecificationImpl.invokeMethod(RequestSpecificationImpl.groovy)
at org.codehaus.groovy.runtime.callsite.PogoInterceptableSite.call(PogoInterceptableSite.java:48)
at org.codehaus.groovy.runtime.callsite.PogoInterceptableSite.callCurrent(PogoInterceptableSite.java:58)
at org.codehaus.groovy.runtime.callsite.CallSiteArray.defaultCallCurrent(CallSiteArray.java:52)
at org.codehaus.groovy.runtime.callsite.AbstractCallSite.callCurrent(AbstractCallSite.java:154)
at org.codehaus.groovy.runtime.callsite.AbstractCallSite.callCurrent(AbstractCallSite.java:182)
at io.restassured.internal.RequestSpecificationImpl.post(RequestSpecificationImpl.groovy:170)
at io.restassured.internal.RequestSpecificationImpl.post(RequestSpecificationImpl.groovy)
at oauth2.test1.testOauh(test1.java:50)
at sun.reflect.NativeMethodAccessorImpl.invoke0(Native Method)
at sun.reflect.NativeMethodAccessorImpl.invoke(Unknown Source)
at sun.reflect.DelegatingMethodAccessorImpl.invoke(Unknown Source)
at java.lang.reflect.Method.invoke(Unknown Source)
at org.testng.internal.MethodInvocationHelper.invokeMethod(MethodInvocationHelper.java:124)
at org.testng.internal.Invoker.invokeMethod(Invoker.java:580)
at org.testng.internal.Invoker.invokeTestMethod(Invoker.java:716)
at org.testng.internal.Invoker.invokeTestMethods(Invoker.java:988)
at org.testng.internal.TestMethodWorker.invokeTestMethods(TestMethodWorker.java:125)
at org.testng.internal.TestMethodWorker.run(TestMethodWorker.java:109)
at org.testng.TestRunner.privateRun(TestRunner.java:648)
at org.testng.TestRunner.run(TestRunner.java:505)
at org.testng.SuiteRunner.runTest(SuiteRunner.java:455)
at org.testng.SuiteRunner.runSequentially(SuiteRunner.java:450)
at org.testng.SuiteRunner.privateRun(SuiteRunner.java:415)
at org.testng.SuiteRunner.run(SuiteRunner.java:364)
at org.testng.SuiteRunnerWorker.runSuite(SuiteRunnerWorker.java:52)
at org.testng.SuiteRunnerWorker.run(SuiteRunnerWorker.java:84)
at org.testng.TestNG.runSuitesSequentially(TestNG.java:1208)
at org.testng.TestNG.runSuitesLocally(TestNG.java:1137)
at org.testng.TestNG.runSuites(TestNG.java:1049)
at org.testng.TestNG.run(TestNG.java:1017)
at org.testng.remote.AbstractRemoteTestNG.run(AbstractRemoteTestNG.java:115)
at org.testng.remote.RemoteTestNG.initAndRun(RemoteTestNG.java:251)
at org.testng.remote.RemoteTestNG.main(RemoteTestNG.java:77)
]]>
    </failure>
  </testcase> <!-- testOauh -->
</testsuite> <!-- Default test -->
